2024-08-19 18:43:08,184 - httpx - INFO - HTTP Request: POST https://api.telegram.org/bot5824572723:AAGCCXn9pWrS8BLzS7eiMmCvG6G5DvWicZw/getMe "HTTP/1.1 200 OK"
2024-08-19 18:43:08,229 - httpx - INFO - HTTP Request: POST https://api.telegram.org/bot5824572723:AAGCCXn9pWrS8BLzS7eiMmCvG6G5DvWicZw/deleteWebhook "HTTP/1.1 200 OK"
2024-08-19 18:43:08,231 - apscheduler.scheduler - INFO - Scheduler started
2024-08-19 18:43:08,231 - telegram.ext.Application - INFO - Application started
2024-08-19 18:43:18,364 - httpx - INFO - HTTP Request: POST https://api.telegram.org/bot5824572723:AAGCCXn9pWrS8BLzS7eiMmCvG6G5DvWicZw/getUpdates "HTTP/1.1 200 OK"
2024-08-19 18:43:29,514 - httpx - INFO - HTTP Request: POST https://api.telegram.org/bot5824572723:AAGCCXn9pWrS8BLzS7eiMmCvG6G5DvWicZw/getUpdates "HTTP/1.1 200 OK"
2024-08-19 18:43:39,559 - httpx - INFO - HTTP Request: POST https://api.telegram.org/bot5824572723:AAGCCXn9pWrS8BLzS7eiMmCvG6G5DvWicZw/getUpdates "HTTP/1.1 200 OK"
2024-08-19 18:43:44,973 - httpx - INFO - HTTP Request: POST https://api.telegram.org/bot5824572723:AAGCCXn9pWrS8BLzS7eiMmCvG6G5DvWicZw/getUpdates "HTTP/1.1 200 OK"
2024-08-19 18:43:44,990 - telegram.ext.Application - ERROR - No error handlers are registered, logging exception.
Traceback (most recent call last):
  File "C:\Users\HerMan\AppData\Local\Programs\Python\Python312\Lib\site-packages\telegram\ext\_application.py", line 1335, in process_update
    await coroutine
  File "C:\Users\HerMan\AppData\Local\Programs\Python\Python312\Lib\site-packages\telegram\ext\_handlers\basehandler.py", line 157, in handle_update
    return await self.callback(update, context)
           ^^^^^^^^^^^^^^^^^^^^^^^^^^^^^^^^^^^^
TypeError: object NoneType can't be used in 'await' expression
2024-08-19 18:43:55,039 - httpx - INFO - HTTP Request: POST https://api.telegram.org/bot5824572723:AAGCCXn9pWrS8BLzS7eiMmCvG6G5DvWicZw/getUpdates "HTTP/1.1 200 OK"
2024-08-19 18:44:05,091 - httpx - INFO - HTTP Request: POST https://api.telegram.org/bot5824572723:AAGCCXn9pWrS8BLzS7eiMmCvG6G5DvWicZw/getUpdates "HTTP/1.1 200 OK"
2024-08-19 18:44:15,141 - httpx - INFO - HTTP Request: POST https://api.telegram.org/bot5824572723:AAGCCXn9pWrS8BLzS7eiMmCvG6G5DvWicZw/getUpdates "HTTP/1.1 200 OK"
2024-08-19 18:44:25,183 - httpx - INFO - HTTP Request: POST https://api.telegram.org/bot5824572723:AAGCCXn9pWrS8BLzS7eiMmCvG6G5DvWicZw/getUpdates "HTTP/1.1 200 OK"
2024-08-19 18:44:44,060 - httpx - INFO - HTTP Request: POST https://api.telegram.org/bot5824572723:AAGCCXn9pWrS8BLzS7eiMmCvG6G5DvWicZw/getUpdates "HTTP/1.1 200 OK"
2024-08-19 18:44:54,105 - httpx - INFO - HTTP Request: POST https://api.telegram.org/bot5824572723:AAGCCXn9pWrS8BLzS7eiMmCvG6G5DvWicZw/getUpdates "HTTP/1.1 200 OK"
2024-08-19 18:45:04,149 - httpx - INFO - HTTP Request: POST https://api.telegram.org/bot5824572723:AAGCCXn9pWrS8BLzS7eiMmCvG6G5DvWicZw/getUpdates "HTTP/1.1 200 OK"
2024-08-19 18:45:10,982 - httpx - INFO - HTTP Request: POST https://api.telegram.org/bot5824572723:AAGCCXn9pWrS8BLzS7eiMmCvG6G5DvWicZw/getUpdates "HTTP/1.1 200 OK"
2024-08-19 18:45:10,983 - telegram.ext.Application - ERROR - No error handlers are registered, logging exception.
Traceback (most recent call last):
  File "C:\Users\HerMan\AppData\Local\Programs\Python\Python312\Lib\site-packages\telegram\ext\_application.py", line 1335, in process_update
    await coroutine
  File "C:\Users\HerMan\AppData\Local\Programs\Python\Python312\Lib\site-packages\telegram\ext\_handlers\basehandler.py", line 157, in handle_update
    return await self.callback(update, context)
           ^^^^^^^^^^^^^^^^^^^^^^^^^^^^^^^^^^^^
TypeError: object NoneType can't be used in 'await' expression
2024-08-19 18:45:21,028 - httpx - INFO - HTTP Request: POST https://api.telegram.org/bot5824572723:AAGCCXn9pWrS8BLzS7eiMmCvG6G5DvWicZw/getUpdates "HTTP/1.1 200 OK"
2024-08-19 18:45:26,606 - httpx - INFO - HTTP Request: POST https://api.telegram.org/bot5824572723:AAGCCXn9pWrS8BLzS7eiMmCvG6G5DvWicZw/getUpdates "HTTP/1.1 200 OK"
2024-08-19 18:45:26,608 - telegram.ext.Application - INFO - Application is stopping. This might take a moment.
2024-08-19 18:45:26,609 - apscheduler.scheduler - INFO - Scheduler has been shut down
2024-08-19 18:45:26,610 - telegram.ext.Application - INFO - Application.stop() complete
2024-08-19 18:47:28,768 - httpx - INFO - HTTP Request: POST https://api.telegram.org/bot5824572723:AAGCCXn9pWrS8BLzS7eiMmCvG6G5DvWicZw/getMe "HTTP/1.1 200 OK"
2024-08-19 18:47:28,816 - httpx - INFO - HTTP Request: POST https://api.telegram.org/bot5824572723:AAGCCXn9pWrS8BLzS7eiMmCvG6G5DvWicZw/deleteWebhook "HTTP/1.1 200 OK"
2024-08-19 18:47:28,819 - apscheduler.scheduler - INFO - Scheduler started
2024-08-19 18:47:28,819 - telegram.ext.Application - INFO - Application started
2024-08-19 18:47:38,957 - httpx - INFO - HTTP Request: POST https://api.telegram.org/bot5824572723:AAGCCXn9pWrS8BLzS7eiMmCvG6G5DvWicZw/getUpdates "HTTP/1.1 200 OK"
2024-08-19 18:47:47,912 - httpx - INFO - HTTP Request: POST https://api.telegram.org/bot5824572723:AAGCCXn9pWrS8BLzS7eiMmCvG6G5DvWicZw/getUpdates "HTTP/1.1 200 OK"
2024-08-19 18:47:47,918 - __main__ - ERROR - Exception while handling an update:
Traceback (most recent call last):
  File "C:\Users\HerMan\AppData\Local\Programs\Python\Python312\Lib\site-packages\telegram\ext\_application.py", line 1335, in process_update
    await coroutine
  File "C:\Users\HerMan\AppData\Local\Programs\Python\Python312\Lib\site-packages\telegram\ext\_handlers\basehandler.py", line 157, in handle_update
    return await self.callback(update, context)
           ^^^^^^^^^^^^^^^^^^^^^^^^^^^^^^^^^^^^
TypeError: object NoneType can't be used in 'await' expression
2024-08-19 18:47:57,964 - httpx - INFO - HTTP Request: POST https://api.telegram.org/bot5824572723:AAGCCXn9pWrS8BLzS7eiMmCvG6G5DvWicZw/getUpdates "HTTP/1.1 200 OK"
2024-08-19 18:48:15,411 - httpx - INFO - HTTP Request: POST https://api.telegram.org/bot5824572723:AAGCCXn9pWrS8BLzS7eiMmCvG6G5DvWicZw/getUpdates "HTTP/1.1 200 OK"
2024-08-19 18:48:25,453 - httpx - INFO - HTTP Request: POST https://api.telegram.org/bot5824572723:AAGCCXn9pWrS8BLzS7eiMmCvG6G5DvWicZw/getUpdates "HTTP/1.1 200 OK"
2024-08-19 18:48:32,177 - httpx - INFO - HTTP Request: POST https://api.telegram.org/bot5824572723:AAGCCXn9pWrS8BLzS7eiMmCvG6G5DvWicZw/getUpdates "HTTP/1.1 200 OK"
2024-08-19 18:48:32,178 - telegram.ext.Application - INFO - Application is stopping. This might take a moment.
2024-08-19 18:48:32,178 - apscheduler.scheduler - INFO - Scheduler has been shut down
2024-08-19 18:48:32,178 - telegram.ext.Application - INFO - Application.stop() complete
2024-08-19 18:52:04,737 - httpx - INFO - HTTP Request: POST https://api.telegram.org/bot5824572723:AAGCCXn9pWrS8BLzS7eiMmCvG6G5DvWicZw/getMe "HTTP/1.1 200 OK"
2024-08-19 18:52:04,785 - httpx - INFO - HTTP Request: POST https://api.telegram.org/bot5824572723:AAGCCXn9pWrS8BLzS7eiMmCvG6G5DvWicZw/deleteWebhook "HTTP/1.1 200 OK"
2024-08-19 18:52:04,789 - apscheduler.scheduler - INFO - Scheduler started
2024-08-19 18:52:04,790 - telegram.ext.Application - INFO - Application started
2024-08-19 18:52:11,133 - httpx - INFO - HTTP Request: POST https://api.telegram.org/bot5824572723:AAGCCXn9pWrS8BLzS7eiMmCvG6G5DvWicZw/getUpdates "HTTP/1.1 200 OK"
2024-08-19 18:52:11,338 - httpx - INFO - HTTP Request: POST https://api.telegram.org/bot5824572723:AAGCCXn9pWrS8BLzS7eiMmCvG6G5DvWicZw/sendMessage "HTTP/1.1 200 OK"
2024-08-19 18:52:15,515 - httpx - INFO - HTTP Request: POST https://api.telegram.org/bot5824572723:AAGCCXn9pWrS8BLzS7eiMmCvG6G5DvWicZw/getUpdates "HTTP/1.1 200 OK"
2024-08-19 18:52:25,560 - httpx - INFO - HTTP Request: POST https://api.telegram.org/bot5824572723:AAGCCXn9pWrS8BLzS7eiMmCvG6G5DvWicZw/getUpdates "HTTP/1.1 200 OK"
2024-08-19 18:52:27,307 - httpx - INFO - HTTP Request: POST https://api.telegram.org/bot5824572723:AAGCCXn9pWrS8BLzS7eiMmCvG6G5DvWicZw/getUpdates "HTTP/1.1 200 OK"
2024-08-19 18:52:37,352 - httpx - INFO - HTTP Request: POST https://api.telegram.org/bot5824572723:AAGCCXn9pWrS8BLzS7eiMmCvG6G5DvWicZw/getUpdates "HTTP/1.1 200 OK"
2024-08-19 18:52:40,421 - httpx - INFO - HTTP Request: POST https://api.telegram.org/bot5824572723:AAGCCXn9pWrS8BLzS7eiMmCvG6G5DvWicZw/getUpdates "HTTP/1.1 200 OK"
2024-08-19 18:52:50,467 - httpx - INFO - HTTP Request: POST https://api.telegram.org/bot5824572723:AAGCCXn9pWrS8BLzS7eiMmCvG6G5DvWicZw/getUpdates "HTTP/1.1 200 OK"
2024-08-19 18:53:00,509 - httpx - INFO - HTTP Request: POST https://api.telegram.org/bot5824572723:AAGCCXn9pWrS8BLzS7eiMmCvG6G5DvWicZw/getUpdates "HTTP/1.1 200 OK"
2024-08-19 18:53:10,552 - httpx - INFO - HTTP Request: POST https://api.telegram.org/bot5824572723:AAGCCXn9pWrS8BLzS7eiMmCvG6G5DvWicZw/getUpdates "HTTP/1.1 200 OK"
2024-08-19 18:53:20,596 - httpx - INFO - HTTP Request: POST https://api.telegram.org/bot5824572723:AAGCCXn9pWrS8BLzS7eiMmCvG6G5DvWicZw/getUpdates "HTTP/1.1 200 OK"
2024-08-19 18:53:30,641 - httpx - INFO - HTTP Request: POST https://api.telegram.org/bot5824572723:AAGCCXn9pWrS8BLzS7eiMmCvG6G5DvWicZw/getUpdates "HTTP/1.1 200 OK"
2024-08-19 18:53:39,120 - httpx - INFO - HTTP Request: POST https://api.telegram.org/bot5824572723:AAGCCXn9pWrS8BLzS7eiMmCvG6G5DvWicZw/getUpdates "HTTP/1.1 200 OK"
2024-08-19 18:53:39,311 - httpx - INFO - HTTP Request: POST https://api.telegram.org/bot5824572723:AAGCCXn9pWrS8BLzS7eiMmCvG6G5DvWicZw/sendMessage "HTTP/1.1 200 OK"
2024-08-19 18:53:41,533 - httpx - INFO - HTTP Request: POST https://api.telegram.org/bot5824572723:AAGCCXn9pWrS8BLzS7eiMmCvG6G5DvWicZw/getUpdates "HTTP/1.1 200 OK"
2024-08-19 18:53:51,577 - httpx - INFO - HTTP Request: POST https://api.telegram.org/bot5824572723:AAGCCXn9pWrS8BLzS7eiMmCvG6G5DvWicZw/getUpdates "HTTP/1.1 200 OK"
2024-08-19 18:54:01,623 - httpx - INFO - HTTP Request: POST https://api.telegram.org/bot5824572723:AAGCCXn9pWrS8BLzS7eiMmCvG6G5DvWicZw/getUpdates "HTTP/1.1 200 OK"
2024-08-19 18:54:11,667 - httpx - INFO - HTTP Request: POST https://api.telegram.org/bot5824572723:AAGCCXn9pWrS8BLzS7eiMmCvG6G5DvWicZw/getUpdates "HTTP/1.1 200 OK"
2024-08-19 18:54:21,713 - httpx - INFO - HTTP Request: POST https://api.telegram.org/bot5824572723:AAGCCXn9pWrS8BLzS7eiMmCvG6G5DvWicZw/getUpdates "HTTP/1.1 200 OK"
2024-08-19 18:54:31,769 - httpx - INFO - HTTP Request: POST https://api.telegram.org/bot5824572723:AAGCCXn9pWrS8BLzS7eiMmCvG6G5DvWicZw/getUpdates "HTTP/1.1 200 OK"
2024-08-19 18:54:41,813 - httpx - INFO - HTTP Request: POST https://api.telegram.org/bot5824572723:AAGCCXn9pWrS8BLzS7eiMmCvG6G5DvWicZw/getUpdates "HTTP/1.1 200 OK"
2024-08-19 18:54:51,855 - httpx - INFO - HTTP Request: POST https://api.telegram.org/bot5824572723:AAGCCXn9pWrS8BLzS7eiMmCvG6G5DvWicZw/getUpdates "HTTP/1.1 200 OK"
2024-08-19 18:55:01,898 - httpx - INFO - HTTP Request: POST https://api.telegram.org/bot5824572723:AAGCCXn9pWrS8BLzS7eiMmCvG6G5DvWicZw/getUpdates "HTTP/1.1 200 OK"
2024-08-19 18:55:11,942 - httpx - INFO - HTTP Request: POST https://api.telegram.org/bot5824572723:AAGCCXn9pWrS8BLzS7eiMmCvG6G5DvWicZw/getUpdates "HTTP/1.1 200 OK"
2024-08-19 18:55:21,986 - httpx - INFO - HTTP Request: POST https://api.telegram.org/bot5824572723:AAGCCXn9pWrS8BLzS7eiMmCvG6G5DvWicZw/getUpdates "HTTP/1.1 200 OK"
2024-08-19 18:55:32,031 - httpx - INFO - HTTP Request: POST https://api.telegram.org/bot5824572723:AAGCCXn9pWrS8BLzS7eiMmCvG6G5DvWicZw/getUpdates "HTTP/1.1 200 OK"
2024-08-19 18:55:42,073 - httpx - INFO - HTTP Request: POST https://api.telegram.org/bot5824572723:AAGCCXn9pWrS8BLzS7eiMmCvG6G5DvWicZw/getUpdates "HTTP/1.1 200 OK"
2024-08-19 18:55:52,116 - httpx - INFO - HTTP Request: POST https://api.telegram.org/bot5824572723:AAGCCXn9pWrS8BLzS7eiMmCvG6G5DvWicZw/getUpdates "HTTP/1.1 200 OK"
2024-08-19 18:56:02,158 - httpx - INFO - HTTP Request: POST https://api.telegram.org/bot5824572723:AAGCCXn9pWrS8BLzS7eiMmCvG6G5DvWicZw/getUpdates "HTTP/1.1 200 OK"
2024-08-19 18:56:12,206 - httpx - INFO - HTTP Request: POST https://api.telegram.org/bot5824572723:AAGCCXn9pWrS8BLzS7eiMmCvG6G5DvWicZw/getUpdates "HTTP/1.1 200 OK"
2024-08-19 18:56:22,256 - httpx - INFO - HTTP Request: POST https://api.telegram.org/bot5824572723:AAGCCXn9pWrS8BLzS7eiMmCvG6G5DvWicZw/getUpdates "HTTP/1.1 200 OK"
2024-08-19 18:56:32,307 - httpx - INFO - HTTP Request: POST https://api.telegram.org/bot5824572723:AAGCCXn9pWrS8BLzS7eiMmCvG6G5DvWicZw/getUpdates "HTTP/1.1 200 OK"
2024-08-19 18:56:42,349 - httpx - INFO - HTTP Request: POST https://api.telegram.org/bot5824572723:AAGCCXn9pWrS8BLzS7eiMmCvG6G5DvWicZw/getUpdates "HTTP/1.1 200 OK"
